Performing C++ SOURCE FILE Test has_std_17_flag failed with the following output:
Change Dir: C:/Users/123/Desktop/miniplc0-compiler/cmake-build-debug/CMakeFiles/CMakeTmp

Run Build Command:"nmake" "/nologo" "cmTC_6de27\fast"
	"C:\Program Files (x86)\Microsoft Visual Studio\2019\Community\VC\Tools\MSVC\14.20.27508\bin\HostX86\x86\nmake.exe" -f CMakeFiles\cmTC_6de27.dir\build.make /nologo -L                  CMakeFiles\cmTC_6de27.dir\build
Building CXX object CMakeFiles/cmTC_6de27.dir/src.cxx.obj
	C:\PROGRA~2\MICROS~1\2019\COMMUN~1\VC\Tools\MSVC\1420~1.275\bin\Hostx86\x86\cl.exe @C:\Users\123\AppData\Local\Temp\nmFFE0.tmp
cl: 命令行 warning D9002 :忽略未知选项“-std=c++17”
src.cxx
Linking CXX executable cmTC_6de27.exe
	"C:\Program Files\JetBrains\CLion 2019.1\bin\cmake\win\bin\cmake.exe" -E vs_link_exe --intdir=CMakeFiles\cmTC_6de27.dir --manifests  -- C:\PROGRA~2\MICROS~1\2019\COMMUN~1\VC\Tools\MSVC\1420~1.275\bin\Hostx86\x86\link.exe /nologo @CMakeFiles\cmTC_6de27.dir\objects1.rsp @C:\Users\123\AppData\Local\Temp\nm262.tmp

Source file was:
int main() { return 0; }
Performing C++ SOURCE FILE Test has_std_1z_flag failed with the following output:
Change Dir: C:/Users/123/Desktop/miniplc0-compiler/cmake-build-debug/CMakeFiles/CMakeTmp

Run Build Command:"nmake" "/nologo" "cmTC_5a5a1\fast"
	"C:\Program Files (x86)\Microsoft Visual Studio\2019\Community\VC\Tools\MSVC\14.20.27508\bin\HostX86\x86\nmake.exe" -f CMakeFiles\cmTC_5a5a1.dir\build.make /nologo -L                  CMakeFiles\cmTC_5a5a1.dir\build
Building CXX object CMakeFiles/cmTC_5a5a1.dir/src.cxx.obj
	C:\PROGRA~2\MICROS~1\2019\COMMUN~1\VC\Tools\MSVC\1420~1.275\bin\Hostx86\x86\cl.exe @C:\Users\123\AppData\Local\Temp\nm946.tmp
cl: 命令行 warning D9002 :忽略未知选项“-std=c++1z”
src.cxx
Linking CXX executable cmTC_5a5a1.exe
	"C:\Program Files\JetBrains\CLion 2019.1\bin\cmake\win\bin\cmake.exe" -E vs_link_exe --intdir=CMakeFiles\cmTC_5a5a1.dir --manifests  -- C:\PROGRA~2\MICROS~1\2019\COMMUN~1\VC\Tools\MSVC\1420~1.275\bin\Hostx86\x86\link.exe /nologo @CMakeFiles\cmTC_5a5a1.dir\objects1.rsp @C:\Users\123\AppData\Local\Temp\nm9C4.tmp

Source file was:
int main() { return 0; }
Compiling the C compiler identification source file "CMakeCCompilerId.c" failed.
Compiler: C:/Program Files (x86)/Microsoft Visual Studio/2019/Community/VC/Tools/MSVC/14.20.27508/bin/Hostx86/x86/cl.exe 
Build flags: /DWIN32;/D_WINDOWS;/W3
Id flags:  

The output was:
2
用于 x86 的 Microsoft (R) C/C++ 优化编译器 19.20.27508.1 版
版权所有(C) Microsoft Corporation。保留所有权利。

CMakeCCompilerId.c
Microsoft (R) Incremental Linker Version 14.20.27508.1
Copyright (C) Microsoft Corporation.  All rights reserved.

/out:CMakeCCompilerId.exe 
CMakeCCompilerId.obj 
LINK : fatal error LNK1104: 无法打开文件“LIBCMT.lib”


Compiling the CXX compiler identification source file "CMakeCXXCompilerId.cpp" failed.
Compiler: C:/Program Files (x86)/Microsoft Visual Studio/2019/Community/VC/Tools/MSVC/14.20.27508/bin/Hostx86/x86/cl.exe 
Build flags: /DWIN32;/D_WINDOWS;/W3;/GR;/EHsc
Id flags:  

The output was:
2
用于 x86 的 Microsoft (R) C/C++ 优化编译器 19.20.27508.1 版
版权所有(C) Microsoft Corporation。保留所有权利。

CMakeCXXCompilerId.cpp
Microsoft (R) Incremental Linker Version 14.20.27508.1
Copyright (C) Microsoft Corporation.  All rights reserved.

/out:CMakeCXXCompilerId.exe 
CMakeCXXCompilerId.obj 
LINK : fatal error LNK1104: 无法打开文件“LIBCMT.lib”


Detecting C compiler ABI info failed to compile with the following output:
Change Dir: C:/Users/123/Desktop/miniplc0-compiler/cmake-build-debug/CMakeFiles/CMakeTmp

Run Build Command(s):nmake /nologo cmTC_7409b\fast && 系统找不到指定的文件。
Generator: execution of make failed. Make command was: nmake /nologo cmTC_7409b\fast && 



Determining if the C compiler works failed with the following output:
Change Dir: C:/Users/123/Desktop/miniplc0-compiler/cmake-build-debug/CMakeFiles/CMakeTmp

Run Build Command(s):nmake /nologo cmTC_4f28d\fast && 系统找不到指定的文件。
Generator: execution of make failed. Make command was: nmake /nologo cmTC_4f28d\fast && 


